This is pdfTeX, Version 3.14159265-2.6-1.40.18 (TeX Live 2017/Debian) (preloaded format=pdflatex 2018.7.7)  9 OCT 2018 11:00
entering extended mode
 restricted \write18 enabled.
 %&-line parsing enabled.
**manual
(./manual.tex
LaTeX2e <2017-04-15>
Babel <3.18> and hyphenation patterns for 9 language(s) loaded.
(/usr/share/texlive/texmf-dist/tex/latex/base/report.cls
Document Class: report 2014/09/29 v1.4h Standard LaTeX document class
(/usr/share/texlive/texmf-dist/tex/latex/base/fleqn.clo
File: fleqn.clo 2016/12/29 v1.2a Standard LaTeX option (flush left equations)
\mathindent=\dimen102
Applying: [2015/01/01] Make \[ robust on input line 50.
LaTeX Info: Redefining \[ on input line 51.
Already applied: [0000/00/00] Make \[ robust on input line 62.
Applying: [2015/01/01] Make \] robust on input line 74.
LaTeX Info: Redefining \] on input line 75.
Already applied: [0000/00/00] Make \] robust on input line 83.
)
(/usr/share/texlive/texmf-dist/tex/latex/base/size11.clo
File: size11.clo 2014/09/29 v1.4h Standard LaTeX file (size option)
)
\c@part=\count79
\c@chapter=\count80
\c@section=\count81
\c@subsection=\count82
\c@subsubsection=\count83
\c@paragraph=\count84
\c@subparagraph=\count85
\c@figure=\count86
\c@table=\count87
\abovecaptionskip=\skip41
\belowcaptionskip=\skip42
\bibindent=\dimen103
)
(/usr/share/texlive/texmf-dist/tex/latex/fourier/fourier.sty
Package: fourier 2005/01/01 1.4 fourier-GUTenberg package

(/usr/share/texlive/texmf-dist/tex/latex/base/fontenc.sty
Package: fontenc 2017/04/05 v2.0i Standard LaTeX package

(/usr/share/texlive/texmf-dist/tex/latex/base/t1enc.def
File: t1enc.def 2017/04/05 v2.0i Standard LaTeX file
LaTeX Font Info:    Redeclaring font encoding T1 on input line 48.
))
(/usr/share/texlive/texmf-dist/tex/latex/base/textcomp.sty
Package: textcomp 2017/04/05 v2.0i Standard LaTeX package
Package textcomp Info: Sub-encoding information:
(textcomp)               5 = only ISO-Adobe without \textcurrency
(textcomp)               4 = 5 + \texteuro
(textcomp)               3 = 4 + \textohm
(textcomp)               2 = 3 + \textestimated + \textcurrency
(textcomp)               1 = TS1 - \textcircled - \t
(textcomp)               0 = TS1 (full)
(textcomp)             Font families with sub-encoding setting implement
(textcomp)             only a restricted character set as indicated.
(textcomp)             Family '?' is the default used for unknown fonts.
(textcomp)             See the documentation for details.
Package textcomp Info: Setting ? sub-encoding to TS1/1 on input line 79.

(/usr/share/texlive/texmf-dist/tex/latex/base/ts1enc.def
File: ts1enc.def 2001/06/05 v3.0e (jk/car/fm) Standard LaTeX file
)
LaTeX Info: Redefining \oldstylenums on input line 334.
Package textcomp Info: Setting cmr sub-encoding to TS1/0 on input line 349.
Package textcomp Info: Setting cmss sub-encoding to TS1/0 on input line 350.
Package textcomp Info: Setting cmtt sub-encoding to TS1/0 on input line 351.
Package textcomp Info: Setting cmvtt sub-encoding to TS1/0 on input line 352.
Package textcomp Info: Setting cmbr sub-encoding to TS1/0 on input line 353.
Package textcomp Info: Setting cmtl sub-encoding to TS1/0 on input line 354.
Package textcomp Info: Setting ccr sub-encoding to TS1/0 on input line 355.
Package textcomp Info: Setting ptm sub-encoding to TS1/4 on input line 356.
Package textcomp Info: Setting pcr sub-encoding to TS1/4 on input line 357.
Package textcomp Info: Setting phv sub-encoding to TS1/4 on input line 358.
Package textcomp Info: Setting ppl sub-encoding to TS1/3 on input line 359.
Package textcomp Info: Setting pag sub-encoding to TS1/4 on input line 360.
Package textcomp Info: Setting pbk sub-encoding to TS1/4 on input line 361.
Package textcomp Info: Setting pnc sub-encoding to TS1/4 on input line 362.
Package textcomp Info: Setting pzc sub-encoding to TS1/4 on input line 363.
Package textcomp Info: Setting bch sub-encoding to TS1/4 on input line 364.
Package textcomp Info: Setting put sub-encoding to TS1/5 on input line 365.
Package textcomp Info: Setting uag sub-encoding to TS1/5 on input line 366.
Package textcomp Info: Setting ugq sub-encoding to TS1/5 on input line 367.
Package textcomp Info: Setting ul8 sub-encoding to TS1/4 on input line 368.
Package textcomp Info: Setting ul9 sub-encoding to TS1/4 on input line 369.
Package textcomp Info: Setting augie sub-encoding to TS1/5 on input line 370.
Package textcomp Info: Setting dayrom sub-encoding to TS1/3 on input line 371.
Package textcomp Info: Setting dayroms sub-encoding to TS1/3 on input line 372.

Package textcomp Info: Setting pxr sub-encoding to TS1/0 on input line 373.
Package textcomp Info: Setting pxss sub-encoding to TS1/0 on input line 374.
Package textcomp Info: Setting pxtt sub-encoding to TS1/0 on input line 375.
Package textcomp Info: Setting txr sub-encoding to TS1/0 on input line 376.
Package textcomp Info: Setting txss sub-encoding to TS1/0 on input line 377.
Package textcomp Info: Setting txtt sub-encoding to TS1/0 on input line 378.
Package textcomp Info: Setting lmr sub-encoding to TS1/0 on input line 379.
Package textcomp Info: Setting lmdh sub-encoding to TS1/0 on input line 380.
Package textcomp Info: Setting lmss sub-encoding to TS1/0 on input line 381.
Package textcomp Info: Setting lmssq sub-encoding to TS1/0 on input line 382.
Package textcomp Info: Setting lmvtt sub-encoding to TS1/0 on input line 383.
Package textcomp Info: Setting lmtt sub-encoding to TS1/0 on input line 384.
Package textcomp Info: Setting qhv sub-encoding to TS1/0 on input line 385.
Package textcomp Info: Setting qag sub-encoding to TS1/0 on input line 386.
Package textcomp Info: Setting qbk sub-encoding to TS1/0 on input line 387.
Package textcomp Info: Setting qcr sub-encoding to TS1/0 on input line 388.
Package textcomp Info: Setting qcs sub-encoding to TS1/0 on input line 389.
Package textcomp Info: Setting qpl sub-encoding to TS1/0 on input line 390.
Package textcomp Info: Setting qtm sub-encoding to TS1/0 on input line 391.
Package textcomp Info: Setting qzc sub-encoding to TS1/0 on input line 392.
Package textcomp Info: Setting qhvc sub-encoding to TS1/0 on input line 393.
Package textcomp Info: Setting futs sub-encoding to TS1/4 on input line 394.
Package textcomp Info: Setting futx sub-encoding to TS1/4 on input line 395.
Package textcomp Info: Setting futj sub-encoding to TS1/4 on input line 396.
Package textcomp Info: Setting hlh sub-encoding to TS1/3 on input line 397.
Package textcomp Info: Setting hls sub-encoding to TS1/3 on input line 398.
Package textcomp Info: Setting hlst sub-encoding to TS1/3 on input line 399.
Package textcomp Info: Setting hlct sub-encoding to TS1/5 on input line 400.
Package textcomp Info: Setting hlx sub-encoding to TS1/5 on input line 401.
Package textcomp Info: Setting hlce sub-encoding to TS1/5 on input line 402.
Package textcomp Info: Setting hlcn sub-encoding to TS1/5 on input line 403.
Package textcomp Info: Setting hlcw sub-encoding to TS1/5 on input line 404.
Package textcomp Info: Setting hlcf sub-encoding to TS1/5 on input line 405.
Package textcomp Info: Setting pplx sub-encoding to TS1/3 on input line 406.
Package textcomp Info: Setting pplj sub-encoding to TS1/3 on input line 407.
Package textcomp Info: Setting ptmx sub-encoding to TS1/4 on input line 408.
Package textcomp Info: Setting ptmj sub-encoding to TS1/4 on input line 409.
)
(/usr/share/texlive/texmf-dist/tex/latex/fourier/fourier-orns.sty
Package: fourier-orns 2004/01/30 1.1 fourier-ornaments package
)
LaTeX Font Info:    Redeclaring symbol font `operators' on input line 50.
LaTeX Font Info:    Encoding `OT1' has changed to `T1' for symbol font
(Font)              `operators' in the math version `normal' on input line 50.
LaTeX Font Info:    Overwriting symbol font `operators' in version `normal'
(Font)                  OT1/cmr/m/n --> T1/futs/m/n on input line 50.
LaTeX Font Info:    Encoding `OT1' has changed to `T1' for symbol font
(Font)              `operators' in the math version `bold' on input line 50.
LaTeX Font Info:    Overwriting symbol font `operators' in version `bold'
(Font)                  OT1/cmr/bx/n --> T1/futs/m/n on input line 50.
LaTeX Font Info:    Overwriting symbol font `operators' in version `bold'
(Font)                  T1/futs/m/n --> T1/futs/b/n on input line 51.
LaTeX Font Info:    Redeclaring symbol font `letters' on input line 59.
LaTeX Font Info:    Encoding `OML' has changed to `FML' for symbol font
(Font)              `letters' in the math version `normal' on input line 59.
LaTeX Font Info:    Overwriting symbol font `letters' in version `normal'
(Font)                  OML/cmm/m/it --> FML/futmi/m/it on input line 59.
LaTeX Font Info:    Encoding `OML' has changed to `FML' for symbol font
(Font)              `letters' in the math version `bold' on input line 59.
LaTeX Font Info:    Overwriting symbol font `letters' in version `bold'
(Font)                  OML/cmm/b/it --> FML/futmi/m/it on input line 59.
\symotherletters=\mathgroup4
LaTeX Font Info:    Overwriting symbol font `letters' in version `bold'
(Font)                  FML/futmi/m/it --> FML/futmi/b/it on input line 61.
LaTeX Font Info:    Overwriting symbol font `otherletters' in version `bold'
(Font)                  FML/futm/m/it --> FML/futm/b/it on input line 62.
LaTeX Font Info:    Redeclaring math symbol \Gamma on input line 63.
LaTeX Font Info:    Redeclaring math symbol \Delta on input line 64.
LaTeX Font Info:    Redeclaring math symbol \Theta on input line 65.
LaTeX Font Info:    Redeclaring math symbol \Lambda on input line 66.
LaTeX Font Info:    Redeclaring math symbol \Xi on input line 67.
LaTeX Font Info:    Redeclaring math symbol \Pi on input line 68.
LaTeX Font Info:    Redeclaring math symbol \Sigma on input line 69.
LaTeX Font Info:    Redeclaring math symbol \Upsilon on input line 70.
LaTeX Font Info:    Redeclaring math symbol \Phi on input line 71.
LaTeX Font Info:    Redeclaring math symbol \Psi on input line 72.
LaTeX Font Info:    Redeclaring math symbol \Omega on input line 73.
LaTeX Font Info:    Redeclaring symbol font `symbols' on input line 113.
LaTeX Font Info:    Encoding `OMS' has changed to `FMS' for symbol font
(Font)              `symbols' in the math version `normal' on input line 113.
LaTeX Font Info:    Overwriting symbol font `symbols' in version `normal'
(Font)                  OMS/cmsy/m/n --> FMS/futm/m/n on input line 113.
LaTeX Font Info:    Encoding `OMS' has changed to `FMS' for symbol font
(Font)              `symbols' in the math version `bold' on input line 113.
LaTeX Font Info:    Overwriting symbol font `symbols' in version `bold'
(Font)                  OMS/cmsy/b/n --> FMS/futm/m/n on input line 113.
LaTeX Font Info:    Redeclaring symbol font `largesymbols' on input line 114.
LaTeX Font Info:    Encoding `OMX' has changed to `FMX' for symbol font
(Font)              `largesymbols' in the math version `normal' on input line 1
14.
LaTeX Font Info:    Overwriting symbol font `largesymbols' in version `normal'
(Font)                  OMX/cmex/m/n --> FMX/futm/m/n on input line 114.
LaTeX Font Info:    Encoding `OMX' has changed to `FMX' for symbol font
(Font)              `largesymbols' in the math version `bold' on input line 114
.
LaTeX Font Info:    Overwriting symbol font `largesymbols' in version `bold'
(Font)                  OMX/cmex/m/n --> FMX/futm/m/n on input line 114.
LaTeX Font Info:    Redeclaring math alphabet \mathbf on input line 115.
LaTeX Font Info:    Overwriting math alphabet `\mathbf' in version `normal'
(Font)                  OT1/cmr/bx/n --> T1/futs/bx/n on input line 115.
LaTeX Font Info:    Overwriting math alphabet `\mathbf' in version `bold'
(Font)                  OT1/cmr/bx/n --> T1/futs/bx/n on input line 115.
LaTeX Font Info:    Redeclaring math alphabet \mathrm on input line 116.
LaTeX Font Info:    Redeclaring math alphabet \mathit on input line 117.
LaTeX Font Info:    Overwriting math alphabet `\mathit' in version `normal'
(Font)                  OT1/cmr/m/it --> T1/futs/m/it on input line 117.
LaTeX Font Info:    Overwriting math alphabet `\mathit' in version `bold'
(Font)                  OT1/cmr/bx/it --> T1/futs/m/it on input line 117.
LaTeX Font Info:    Redeclaring math alphabet \mathcal on input line 118.
LaTeX Font Info:    Redeclaring math symbol \parallel on input line 134.
LaTeX Font Info:    Redeclaring math symbol \hbar on input line 148.
LaTeX Font Info:    Redeclaring math symbol \varkappa on input line 186.
LaTeX Font Info:    Redeclaring math symbol \varvarrho on input line 187.
LaTeX Font Info:    Redeclaring math delimiter \Vert on input line 210.
LaTeX Font Info:    Redeclaring math delimiter \vert on input line 215.
LaTeX Font Info:    Redeclaring math delimiter \Downarrow on input line 225.
LaTeX Font Info:    Redeclaring math delimiter \backslash on input line 227.
LaTeX Font Info:    Redeclaring math delimiter \rangle on input line 229.
LaTeX Font Info:    Redeclaring math delimiter \langle on input line 231.
LaTeX Font Info:    Redeclaring math delimiter \rbrace on input line 233.
LaTeX Font Info:    Redeclaring math delimiter \lbrace on input line 235.
LaTeX Font Info:    Redeclaring math delimiter \rceil on input line 237.
LaTeX Font Info:    Redeclaring math delimiter \lceil on input line 239.
LaTeX Font Info:    Redeclaring math delimiter \rfloor on input line 241.
LaTeX Font Info:    Redeclaring math delimiter \lfloor on input line 243.
LaTeX Font Info:    Redeclaring math accent \acute on input line 247.
LaTeX Font Info:    Redeclaring math accent \grave on input line 248.
LaTeX Font Info:    Redeclaring math accent \ddot on input line 249.
LaTeX Font Info:    Redeclaring math accent \tilde on input line 250.
LaTeX Font Info:    Redeclaring math accent \bar on input line 251.
LaTeX Font Info:    Redeclaring math accent \breve on input line 252.
LaTeX Font Info:    Redeclaring math accent \check on input line 253.
LaTeX Font Info:    Redeclaring math accent \hat on input line 254.
LaTeX Font Info:    Redeclaring math accent \dot on input line 255.
LaTeX Font Info:    Redeclaring math accent \mathring on input line 256.
\symUfutm=\mathgroup5
)
(/usr/share/texmf/tex/latex/lm/lmodern.sty
Package: lmodern 2009/10/30 v1.6 Latin Modern Fonts
LaTeX Font Info:    Encoding `T1' has changed to `OT1' for symbol font
(Font)              `operators' in the math version `normal' on input line 22.
LaTeX Font Info:    Overwriting symbol font `operators' in version `normal'
(Font)                  T1/futs/m/n --> OT1/lmr/m/n on input line 22.
LaTeX Font Info:    Encoding `FML' has changed to `OML' for symbol font
(Font)              `letters' in the math version `normal' on input line 23.
LaTeX Font Info:    Overwriting symbol font `letters' in version `normal'
(Font)                  FML/futmi/m/it --> OML/lmm/m/it on input line 23.
LaTeX Font Info:    Encoding `FMS' has changed to `OMS' for symbol font
(Font)              `symbols' in the math version `normal' on input line 24.
LaTeX Font Info:    Overwriting symbol font `symbols' in version `normal'
(Font)                  FMS/futm/m/n --> OMS/lmsy/m/n on input line 24.
LaTeX Font Info:    Encoding `FMX' has changed to `OMX' for symbol font
(Font)              `largesymbols' in the math version `normal' on input line 2
5.
LaTeX Font Info:    Overwriting symbol font `largesymbols' in version `normal'
(Font)                  FMX/futm/m/n --> OMX/lmex/m/n on input line 25.
LaTeX Font Info:    Encoding `T1' has changed to `OT1' for symbol font
(Font)              `operators' in the math version `bold' on input line 26.
LaTeX Font Info:    Overwriting symbol font `operators' in version `bold'
(Font)                  T1/futs/b/n --> OT1/lmr/bx/n on input line 26.
LaTeX Font Info:    Encoding `FML' has changed to `OML' for symbol font
(Font)              `letters' in the math version `bold' on input line 27.
LaTeX Font Info:    Overwriting symbol font `letters' in version `bold'
(Font)                  FML/futmi/b/it --> OML/lmm/b/it on input line 27.
LaTeX Font Info:    Encoding `FMS' has changed to `OMS' for symbol font
(Font)              `symbols' in the math version `bold' on input line 28.
LaTeX Font Info:    Overwriting symbol font `symbols' in version `bold'
(Font)                  FMS/futm/m/n --> OMS/lmsy/b/n on input line 28.
LaTeX Font Info:    Encoding `FMX' has changed to `OMX' for symbol font
(Font)              `largesymbols' in the math version `bold' on input line 29.

LaTeX Font Info:    Overwriting symbol font `largesymbols' in version `bold'
(Font)                  FMX/futm/m/n --> OMX/lmex/m/n on input line 29.
LaTeX Font Info:    Overwriting math alphabet `\mathbf' in version `normal'
(Font)                  T1/futs/bx/n --> OT1/lmr/bx/n on input line 31.
LaTeX Font Info:    Overwriting math alphabet `\mathsf' in version `normal'
(Font)                  OT1/cmss/m/n --> OT1/lmss/m/n on input line 32.
LaTeX Font Info:    Overwriting math alphabet `\mathit' in version `normal'
(Font)                  T1/futs/m/it --> OT1/lmr/m/it on input line 33.
LaTeX Font Info:    Overwriting math alphabet `\mathtt' in version `normal'
(Font)                  OT1/cmtt/m/n --> OT1/lmtt/m/n on input line 34.
LaTeX Font Info:    Overwriting math alphabet `\mathbf' in version `bold'
(Font)                  T1/futs/bx/n --> OT1/lmr/bx/n on input line 35.
LaTeX Font Info:    Overwriting math alphabet `\mathsf' in version `bold'
(Font)                  OT1/cmss/bx/n --> OT1/lmss/bx/n on input line 36.
LaTeX Font Info:    Overwriting math alphabet `\mathit' in version `bold'
(Font)                  T1/futs/m/it --> OT1/lmr/bx/it on input line 37.
LaTeX Font Info:    Overwriting math alphabet `\mathtt' in version `bold'
(Font)                  OT1/cmtt/m/n --> OT1/lmtt/m/n on input line 38.
)
(/usr/share/texlive/texmf-dist/tex/latex/base/fontenc.sty
Package: fontenc 2017/04/05 v2.0i Standard LaTeX package

(/usr/share/texlive/texmf-dist/tex/latex/base/t1enc.def
File: t1enc.def 2017/04/05 v2.0i Standard LaTeX file
LaTeX Font Info:    Redeclaring font encoding T1 on input line 48.
))
(/usr/share/texlive/texmf-dist/tex/latex/base/inputenc.sty
Package: inputenc 2015/03/17 v1.2c Input encoding file
\inpenc@prehook=\toks14
\inpenc@posthook=\toks15

(/usr/share/texlive/texmf-dist/tex/latex/base/latin9.def
File: latin9.def 2015/03/17 v1.2c Input encoding file
))
(/usr/share/texlive/texmf-dist/tex/generic/babel/babel.sty
Package: babel 2018/02/14 3.18 The Babel package

(/usr/share/texlive/texmf-dist/tex/generic/babel/switch.def
File: switch.def 2018/02/14 3.18 Babel switching mechanism
)
(/usr/share/texlive/texmf-dist/tex/generic/babel-english/english.ldf
Language: english 2017/06/06 v3.3r English support from the babel system

(/usr/share/texlive/texmf-dist/tex/generic/babel/babel.def
File: babel.def 2018/02/14 3.18 Babel common definitions
\babel@savecnt=\count88
\U@D=\dimen104

(/usr/share/texlive/texmf-dist/tex/generic/babel/txtbabel.def)
\bbl@dirlevel=\count89
)
\l@canadian = a dialect from \language\l@american 
\l@australian = a dialect from \language\l@british 
\l@newzealand = a dialect from \language\l@british 
))
(/usr/share/texlive/texmf-dist/tex/latex/tools/verbatim.sty
Package: verbatim 2014/10/28 v1.5q LaTeX2e package for verbatim enhancements
\every@verbatim=\toks16
\verbatim@line=\toks17
\verbatim@in@stream=\read1
)
(/usr/share/texlive/texmf-dist/tex/latex/graphics/graphicx.sty
Package: graphicx 2017/06/01 v1.1a Enhanced LaTeX Graphics (DPC,SPQR)

(/usr/share/texlive/texmf-dist/tex/latex/graphics/keyval.sty
Package: keyval 2014/10/28 v1.15 key=value parser (DPC)
\KV@toks@=\toks18
)
(/usr/share/texlive/texmf-dist/tex/latex/graphics/graphics.sty
Package: graphics 2017/06/25 v1.2c Standard LaTeX Graphics (DPC,SPQR)

(/usr/share/texlive/texmf-dist/tex/latex/graphics/trig.sty
Package: trig 2016/01/03 v1.10 sin cos tan (DPC)
)
(/usr/share/texlive/texmf-dist/tex/latex/graphics-cfg/graphics.cfg
File: graphics.cfg 2016/06/04 v1.11 sample graphics configuration
)
Package graphics Info: Driver file: pdftex.def on input line 99.

(/usr/share/texlive/texmf-dist/tex/latex/graphics-def/pdftex.def
File: pdftex.def 2018/01/08 v1.0l Graphics/color driver for pdftex
))
\Gin@req@height=\dimen105
\Gin@req@width=\dimen106
)
(/usr/share/texlive/texmf-dist/tex/latex/url/url.sty
\Urlmuskip=\muskip10
Package: url 2013/09/16  ver 3.4  Verb mode for urls, etc.
)
(/usr/share/texlive/texmf-dist/tex/latex/amsmath/amsmath.sty
Package: amsmath 2017/09/02 v2.17a AMS math features
\@mathmargin=\skip43

For additional information on amsmath, use the `?' option.
(/usr/share/texlive/texmf-dist/tex/latex/amsmath/amstext.sty
Package: amstext 2000/06/29 v2.01 AMS text

(/usr/share/texlive/texmf-dist/tex/latex/amsmath/amsgen.sty
File: amsgen.sty 1999/11/30 v2.0 generic functions
\@emptytoks=\toks19
\ex@=\dimen107
))
(/usr/share/texlive/texmf-dist/tex/latex/amsmath/amsbsy.sty
Package: amsbsy 1999/11/29 v1.2d Bold Symbols
\pmbraise@=\dimen108
)
(/usr/share/texlive/texmf-dist/tex/latex/amsmath/amsopn.sty
Package: amsopn 2016/03/08 v2.02 operator names
)
\inf@bad=\count90
LaTeX Info: Redefining \frac on input line 213.
\uproot@=\count91
\leftroot@=\count92
LaTeX Info: Redefining \overline on input line 375.
\classnum@=\count93
\DOTSCASE@=\count94
LaTeX Info: Redefining \ldots on input line 472.
LaTeX Info: Redefining \dots on input line 475.
LaTeX Info: Redefining \cdots on input line 596.
\Mathstrutbox@=\box26
\strutbox@=\box27
\big@size=\dimen109
LaTeX Font Info:    Redeclaring font encoding OML on input line 712.
LaTeX Font Info:    Redeclaring font encoding OMS on input line 713.
\macc@depth=\count95
\c@MaxMatrixCols=\count96
\dotsspace@=\muskip11
\c@parentequation=\count97
\dspbrk@lvl=\count98
\tag@help=\toks20
\row@=\count99
\column@=\count100
\maxfields@=\count101
\andhelp@=\toks21
\eqnshift@=\dimen110
\alignsep@=\dimen111
\tagshift@=\dimen112
\tagwidth@=\dimen113
\totwidth@=\dimen114
\lineht@=\dimen115
\@envbody=\toks22
\multlinegap=\skip44
\multlinetaggap=\skip45
\mathdisplay@stack=\toks23
LaTeX Info: Redefining \[ on input line 2817.
LaTeX Info: Redefining \] on input line 2818.
)
(/usr/share/texlive/texmf-dist/tex/latex/amsfonts/amssymb.sty
Package: amssymb 2013/01/14 v3.01 AMS font symbols

(/usr/share/texlive/texmf-dist/tex/latex/amsfonts/amsfonts.sty
Package: amsfonts 2013/01/14 v3.01 Basic AMSFonts support
\symAMSa=\mathgroup6
\symAMSb=\mathgroup7
LaTeX Font Info:    Overwriting math alphabet `\mathfrak' in version `bold'
(Font)                  U/euf/m/n --> U/euf/b/n on input line 106.
LaTeX Font Info:    Redeclaring math symbol \square on input line 141.
)
LaTeX Font Info:    Redeclaring math symbol \blacksquare on input line 48.
LaTeX Font Info:    Redeclaring math symbol \vDash on input line 60.
LaTeX Font Info:    Redeclaring math symbol \leftleftarrows on input line 63.
LaTeX Font Info:    Redeclaring math symbol \rightrightarrows on input line 64.

LaTeX Font Info:    Redeclaring math symbol \leqslant on input line 101.
LaTeX Font Info:    Redeclaring math symbol \geqslant on input line 108.
LaTeX Font Info:    Redeclaring math symbol \blacktriangleright on input line 1
20.
LaTeX Font Info:    Redeclaring math symbol \blacktriangleleft on input line 12
1.
LaTeX Font Info:    Redeclaring math symbol \complement on input line 165.
LaTeX Font Info:    Redeclaring math symbol \intercal on input line 166.
LaTeX Font Info:    Redeclaring math symbol \nleqslant on input line 181.
LaTeX Font Info:    Redeclaring math symbol \ngeqslant on input line 182.
LaTeX Font Info:    Redeclaring math symbol \varsubsetneq on input line 203.
LaTeX Font Info:    Redeclaring math symbol \subsetneqq on input line 207.
LaTeX Font Info:    Redeclaring math symbol \nparallel on input line 215.
LaTeX Font Info:    Redeclaring math symbol \nvDash on input line 221.
LaTeX Font Info:    Redeclaring math symbol \nexists on input line 235.
LaTeX Font Info:    Redeclaring math symbol \smallsetminus on input line 251.
LaTeX Font Info:    Redeclaring math symbol \curvearrowleft on input line 257.
LaTeX Font Info:    Redeclaring math symbol \curvearrowright on input line 258.

LaTeX Font Info:    Redeclaring math symbol \varkappa on input line 260.
LaTeX Font Info:    Redeclaring math symbol \hslash on input line 262.
)
(/usr/share/texlive/texmf-dist/tex/latex/geometry/geometry.sty
Package: geometry 2010/09/12 v5.6 Page Geometry

(/usr/share/texlive/texmf-dist/tex/generic/oberdiek/ifpdf.sty
Package: ifpdf 2017/03/15 v3.2 Provides the ifpdf switch
)
(/usr/share/texlive/texmf-dist/tex/generic/oberdiek/ifvtex.sty
Package: ifvtex 2016/05/16 v1.6 Detect VTeX and its facilities (HO)
Package ifvtex Info: VTeX not detected.
)
(/usr/share/texlive/texmf-dist/tex/generic/ifxetex/ifxetex.sty
Package: ifxetex 2010/09/12 v0.6 Provides ifxetex conditional
)
\Gm@cnth=\count102
\Gm@cntv=\count103
\c@Gm@tempcnt=\count104
\Gm@bindingoffset=\dimen116
\Gm@wd@mp=\dimen117
\Gm@odd@mp=\dimen118
\Gm@even@mp=\dimen119
\Gm@layoutwidth=\dimen120
\Gm@layoutheight=\dimen121
\Gm@layouthoffset=\dimen122
\Gm@layoutvoffset=\dimen123
\Gm@dimlist=\toks24
)
(/usr/share/texlive/texmf-dist/tex/latex/titlesec/titlesec.sty
Package: titlesec 2016/03/21 v2.10.2 Sectioning titles
\ttl@box=\box28
\beforetitleunit=\skip46
\aftertitleunit=\skip47
\ttl@plus=\dimen124
\ttl@minus=\dimen125
\ttl@toksa=\toks25
\titlewidth=\dimen126
\titlewidthlast=\dimen127
\titlewidthfirst=\dimen128

(/usr/share/texlive/texmf-dist/tex/latex/titlesec/ttlps.def
File: ttlps.def 2016/03/15
))
(/usr/share/texlive/texmf-dist/tex/latex/hyperref/hyperref.sty
Package: hyperref 2018/02/06 v6.86b Hypertext links for LaTeX

(/usr/share/texlive/texmf-dist/tex/generic/oberdiek/hobsub-hyperref.sty
Package: hobsub-hyperref 2016/05/16 v1.14 Bundle oberdiek, subset hyperref (HO)


(/usr/share/texlive/texmf-dist/tex/generic/oberdiek/hobsub-generic.sty
Package: hobsub-generic 2016/05/16 v1.14 Bundle oberdiek, subset generic (HO)
Package: hobsub 2016/05/16 v1.14 Construct package bundles (HO)
Package: infwarerr 2016/05/16 v1.4 Providing info/warning/error messages (HO)
Package: ltxcmds 2016/05/16 v1.23 LaTeX kernel commands for general use (HO)
Package: ifluatex 2016/05/16 v1.4 Provides the ifluatex switch (HO)
Package ifluatex Info: LuaTeX not detected.
Package hobsub Info: Skipping package `ifvtex' (already loaded).
Package: intcalc 2016/05/16 v1.2 Expandable calculations with integers (HO)
Package hobsub Info: Skipping package `ifpdf' (already loaded).
Package: etexcmds 2016/05/16 v1.6 Avoid name clashes with e-TeX commands (HO)
Package etexcmds Info: Could not find \expanded.
(etexcmds)             That can mean that you are not using pdfTeX 1.50 or
(etexcmds)             that some package has redefined \expanded.
(etexcmds)             In the latter case, load this package earlier.
Package: kvsetkeys 2016/05/16 v1.17 Key value parser (HO)
Package: kvdefinekeys 2016/05/16 v1.4 Define keys (HO)
Package: pdftexcmds 2018/01/21 v0.26 Utility functions of pdfTeX for LuaTeX (HO
)
Package pdftexcmds Info: LuaTeX not detected.
Package pdftexcmds Info: \pdf@primitive is available.
Package pdftexcmds Info: \pdf@ifprimitive is available.
Package pdftexcmds Info: \pdfdraftmode found.
Package: pdfescape 2016/05/16 v1.14 Implements pdfTeX's escape features (HO)
Package: bigintcalc 2016/05/16 v1.4 Expandable calculations on big integers (HO
)
Package: bitset 2016/05/16 v1.2 Handle bit-vector datatype (HO)
Package: uniquecounter 2016/05/16 v1.3 Provide unlimited unique counter (HO)
)
Package hobsub Info: Skipping package `hobsub' (already loaded).
Package: letltxmacro 2016/05/16 v1.5 Let assignment for LaTeX macros (HO)
Package: hopatch 2016/05/16 v1.3 Wrapper for package hooks (HO)
Package: xcolor-patch 2016/05/16 xcolor patch
Package: atveryend 2016/05/16 v1.9 Hooks at the very end of document (HO)
Package atveryend Info: \enddocument detected (standard20110627).
Package: atbegshi 2016/06/09 v1.18 At begin shipout hook (HO)
Package: refcount 2016/05/16 v3.5 Data extraction from label references (HO)
Package: hycolor 2016/05/16 v1.8 Color options for hyperref/bookmark (HO)
)
(/usr/share/texlive/texmf-dist/tex/latex/oberdiek/auxhook.sty
Package: auxhook 2016/05/16 v1.4 Hooks for auxiliary files (HO)
)
(/usr/share/texlive/texmf-dist/tex/latex/oberdiek/kvoptions.sty
Package: kvoptions 2016/05/16 v3.12 Key value format for package options (HO)
)
\@linkdim=\dimen129
\Hy@linkcounter=\count105
\Hy@pagecounter=\count106

(/usr/share/texlive/texmf-dist/tex/latex/hyperref/pd1enc.def
File: pd1enc.def 2018/02/06 v6.86b Hyperref: PDFDocEncoding definition (HO)
)
\Hy@SavedSpaceFactor=\count107

(/usr/share/texlive/texmf-dist/tex/latex/latexconfig/hyperref.cfg
File: hyperref.cfg 2002/06/06 v1.2 hyperref configuration of TeXLive
)
Package hyperref Info: Option `unicode' set `true' on input line 4383.

(/usr/share/texlive/texmf-dist/tex/latex/hyperref/puenc.def
File: puenc.def 2018/02/06 v6.86b Hyperref: PDF Unicode definition (HO)
)
Package hyperref Info: Option `colorlinks' set `true' on input line 4383.
Package hyperref Info: Option `breaklinks' set `true' on input line 4383.
Package hyperref Info: Hyper figures OFF on input line 4509.
Package hyperref Info: Link nesting OFF on input line 4514.
Package hyperref Info: Hyper index ON on input line 4517.
Package hyperref Info: Plain pages OFF on input line 4524.
Package hyperref Info: Backreferencing OFF on input line 4529.
Package hyperref Info: Implicit mode ON; LaTeX internals redefined.
Package hyperref Info: Bookmarks ON on input line 4762.
\c@Hy@tempcnt=\count108
LaTeX Info: Redefining \url on input line 5115.
\XeTeXLinkMargin=\dimen130
\Fld@menulength=\count109
\Field@Width=\dimen131
\Fld@charsize=\dimen132
Package hyperref Info: Hyper figures OFF on input line 6369.
Package hyperref Info: Link nesting OFF on input line 6374.
Package hyperref Info: Hyper index ON on input line 6377.
Package hyperref Info: backreferencing OFF on input line 6384.
Package hyperref Info: Link coloring ON on input line 6387.
Package hyperref Info: Link coloring with OCG OFF on input line 6394.
Package hyperref Info: PDF/A mode OFF on input line 6399.
LaTeX Info: Redefining \ref on input line 6439.
LaTeX Info: Redefining \pageref on input line 6443.
\Hy@abspage=\count110
\c@Item=\count111
\c@Hfootnote=\count112
)
Package hyperref Info: Driver (autodetected): hpdftex.

(/usr/share/texlive/texmf-dist/tex/latex/hyperref/hpdftex.def
File: hpdftex.def 2018/02/06 v6.86b Hyperref driver for pdfTeX
\Fld@listcount=\count113
\c@bookmark@seq@number=\count114

(/usr/share/texlive/texmf-dist/tex/latex/oberdiek/rerunfilecheck.sty
Package: rerunfilecheck 2016/05/16 v1.8 Rerun checks for auxiliary files (HO)
Package uniquecounter Info: New unique counter `rerunfilecheck' on input line 2
82.
)
\Hy@SectionHShift=\skip48
)
(/usr/share/texlive/texmf-dist/tex/latex/float/float.sty
Package: float 2001/11/08 v1.3d Float enhancements (AL)
\c@float@type=\count115
\float@exts=\toks26
\float@box=\box29
\@float@everytoks=\toks27
\@floatcapt=\box30
)
(/usr/share/texlive/texmf-dist/tex/latex/caption/caption.sty
Package: caption 2016/02/21 v3.3-144 Customizing captions (AR)

(/usr/share/texlive/texmf-dist/tex/latex/caption/caption3.sty
Package: caption3 2016/05/22 v1.7-166 caption3 kernel (AR)
Package caption3 Info: TeX engine: e-TeX on input line 67.
\captionmargin=\dimen133
\captionmargin@=\dimen134
\captionwidth=\dimen135
\caption@tempdima=\dimen136
\caption@indent=\dimen137
\caption@parindent=\dimen138
\caption@hangindent=\dimen139
)
\c@ContinuedFloat=\count116
Package caption Info: float package is loaded.
Package caption Info: hyperref package is loaded.
)
(/usr/share/texlive/texmf-dist/tex/latex/natbib/natbib.sty
Package: natbib 2010/09/13 8.31b (PWD, AO)
\bibhang=\skip49
\bibsep=\skip50
LaTeX Info: Redefining \cite on input line 694.
\c@NAT@ctr=\count117
)
(/usr/share/texlive/texmf-dist/tex/latex/microtype/microtype.sty
Package: microtype 2018/01/14 v2.7a Micro-typographical refinements (RS)
\MT@toks=\toks28
\MT@count=\count118
LaTeX Info: Redefining \textls on input line 793.
\MT@outer@kern=\dimen140
LaTeX Info: Redefining \textmicrotypecontext on input line 1339.
\MT@listname@count=\count119

(/usr/share/texlive/texmf-dist/tex/latex/microtype/microtype-pdftex.def
File: microtype-pdftex.def 2018/01/14 v2.7a Definitions specific to pdftex (RS)

LaTeX Info: Redefining \lsstyle on input line 913.
LaTeX Info: Redefining \lslig on input line 913.
\MT@outer@space=\skip51
)
Package microtype Info: Loading configuration file microtype.cfg.

(/usr/share/texlive/texmf-dist/tex/latex/microtype/microtype.cfg
File: microtype.cfg 2018/01/14 v2.7a microtype main configuration file (RS)
))
(./etoolbox.sty
Package: etoolbox 2009/08/06 v1.8 e-TeX tools for LaTeX
 (/usr/share/texlive/texmf-dist/tex/latex/etex-pkg/etex.sty
Package: etex 2016/08/01 v2.7 eTeX basic definition package (PEB,DPC)
\et@xins=\count120
))
(/usr/share/texlive/texmf-dist/tex/latex/graphics/color.sty
Package: color 2016/07/10 v1.1e Standard LaTeX Color (DPC)

(/usr/share/texlive/texmf-dist/tex/latex/graphics-cfg/color.cfg
File: color.cfg 2016/01/02 v1.6 sample color configuration
)
Package color Info: Driver file: pdftex.def on input line 147.
)
(/usr/share/texlive/texmf-dist/tex/latex/tools/multicol.sty
Package: multicol 2017/04/11 v1.8q multicolumn formatting (FMi)
\c@tracingmulticols=\count121
\mult@box=\box31
\multicol@leftmargin=\dimen141
\c@unbalance=\count122
\c@collectmore=\count123
\doublecol@number=\count124
\multicoltolerance=\count125
\multicolpretolerance=\count126
\full@width=\dimen142
\page@free=\dimen143
\premulticols=\dimen144
\postmulticols=\dimen145
\multicolsep=\skip52
\multicolbaselineskip=\skip53
\partial@page=\box32
\last@line=\box33
\maxbalancingoverflow=\dimen146
\mult@rightbox=\box34
\mult@grightbox=\box35
\mult@gfirstbox=\box36
\mult@firstbox=\box37
\@tempa=\box38
\@tempa=\box39
\@tempa=\box40
\@tempa=\box41
\@tempa=\box42
\@tempa=\box43
\@tempa=\box44
\@tempa=\box45
\@tempa=\box46
\@tempa=\box47
\@tempa=\box48
\@tempa=\box49
\@tempa=\box50
\@tempa=\box51
\@tempa=\box52
\@tempa=\box53
\@tempa=\box54
\c@columnbadness=\count127
\c@finalcolumnbadness=\count128
\last@try=\dimen147
\multicolovershoot=\dimen148
\multicolundershoot=\dimen149
\mult@nat@firstbox=\box55
\colbreak@box=\box56
\mc@col@check@num=\count129
)
\@indexfile=\write3
\openout3 = `manual.idx'.


Writing index file manual.idx
(/usr/share/texlive/texmf-dist/tex/latex/tools/xspace.sty
Package: xspace 2014/10/28 v1.13 Space after command names (DPC,MH)
) (./manual.aux)
\openout1 = `manual.aux'.

LaTeX Font Info:    Checking defaults for OML/cmm/m/it on input line 165.
LaTeX Font Info:    ... okay on input line 165.
LaTeX Font Info:    Checking defaults for T1/cmr/m/n on input line 165.
LaTeX Font Info:    ... okay on input line 165.
LaTeX Font Info:    Checking defaults for OT1/cmr/m/n on input line 165.
LaTeX Font Info:    ... okay on input line 165.
LaTeX Font Info:    Checking defaults for OMS/cmsy/m/n on input line 165.
LaTeX Font Info:    ... okay on input line 165.
LaTeX Font Info:    Checking defaults for OMX/cmex/m/n on input line 165.
LaTeX Font Info:    ... okay on input line 165.
LaTeX Font Info:    Checking defaults for U/cmr/m/n on input line 165.
LaTeX Font Info:    ... okay on input line 165.
LaTeX Font Info:    Checking defaults for FML/futm/m/it on input line 165.
LaTeX Font Info:    Try loading font information for FML+futm on input line 165
.

(/usr/share/texlive/texmf-dist/tex/latex/fourier/fmlfutm.fd
File: fmlfutm.fd 2004/10/30 Fontinst v1.926 font definitions for FML/futm.
)
LaTeX Font Info:    ... okay on input line 165.
LaTeX Font Info:    Checking defaults for FMS/futm/m/n on input line 165.
LaTeX Font Info:    Try loading font information for FMS+futm on input line 165
.

(/usr/share/texlive/texmf-dist/tex/latex/fourier/fmsfutm.fd
File: fmsfutm.fd 2004/10/30 Fontinst v1.926 font definitions for FMS/futm.
)
LaTeX Font Info:    ... okay on input line 165.
LaTeX Font Info:    Checking defaults for FMX/futm/m/n on input line 165.
LaTeX Font Info:    Try loading font information for FMX+futm on input line 165
.

(/usr/share/texlive/texmf-dist/tex/latex/fourier/fmxfutm.fd
File: fmxfutm.fd futm-extension
)
LaTeX Font Info:    ... okay on input line 165.
LaTeX Font Info:    Checking defaults for TS1/cmr/m/n on input line 165.
LaTeX Font Info:    Try loading font information for TS1+cmr on input line 165.


(/usr/share/texlive/texmf-dist/tex/latex/base/ts1cmr.fd
File: ts1cmr.fd 2014/09/29 v2.5h Standard LaTeX font definitions
)
LaTeX Font Info:    ... okay on input line 165.
LaTeX Font Info:    Checking defaults for PD1/pdf/m/n on input line 165.
LaTeX Font Info:    ... okay on input line 165.
LaTeX Font Info:    Checking defaults for PU/pdf/m/n on input line 165.
LaTeX Font Info:    ... okay on input line 165.
LaTeX Font Info:    Try loading font information for T1+lmr on input line 165.

(/usr/share/texmf/tex/latex/lm/t1lmr.fd
File: t1lmr.fd 2009/10/30 v1.6 Font defs for Latin Modern
)
(/usr/share/texlive/texmf-dist/tex/context/base/mkii/supp-pdf.mkii
[Loading MPS to PDF converter (version 2006.09.02).]
\scratchcounter=\count130
\scratchdimen=\dimen150
\scratchbox=\box57
\nofMPsegments=\count131
\nofMParguments=\count132
\everyMPshowfont=\toks29
\MPscratchCnt=\count133
\MPscratchDim=\dimen151
\MPnumerator=\count134
\makeMPintoPDFobject=\count135
\everyMPtoPDFconversion=\toks30
) (/usr/share/texlive/texmf-dist/tex/latex/oberdiek/epstopdf-base.sty
Package: epstopdf-base 2016/05/15 v2.6 Base part for package epstopdf

(/usr/share/texlive/texmf-dist/tex/latex/oberdiek/grfext.sty
Package: grfext 2016/05/16 v1.2 Manage graphics extensions (HO)
)
Package epstopdf-base Info: Redefining graphics rule for `.eps' on input line 4
38.
Package grfext Info: Graphics extension search list:
(grfext)             [.pdf,.png,.jpg,.mps,.jpeg,.jbig2,.jb2,.PDF,.PNG,.JPG,.JPE
G,.JBIG2,.JB2,.eps]
(grfext)             \AppendGraphicsExtensions on input line 456.

(/usr/share/texlive/texmf-dist/tex/latex/latexconfig/epstopdf-sys.cfg
File: epstopdf-sys.cfg 2010/07/13 v1.3 Configuration of (r)epstopdf for TeX Liv
e
))
*geometry* driver: auto-detecting
*geometry* detected driver: pdftex
*geometry* verbose mode - [ preamble ] result:
* driver: pdftex
* paper: a4paper
* layout: <same size as paper>
* layoutoffset:(h,v)=(0.0pt,0.0pt)
* modes: 
* h-part:(L,W,R)=(99.58464pt, 412.56497pt, 85.35826pt)
* v-part:(T,H,B)=(85.35826pt, 674.33032pt, 85.35826pt)
* \paperwidth=597.50787pt
* \paperheight=845.04684pt
* \textwidth=412.56497pt
* \textheight=674.33032pt
* \oddsidemargin=27.31465pt
* \evensidemargin=27.31465pt
* \topmargin=-23.91173pt
* \headheight=12.0pt
* \headsep=25.0pt
* \topskip=11.0pt
* \footskip=30.0pt
* \marginparwidth=59.0pt
* \marginparsep=10.0pt
* \columnsep=10.0pt
* \skip\footins=10.0pt plus 4.0pt minus 2.0pt
* \hoffset=0.0pt
* \voffset=0.0pt
* \mag=1000
* \@twocolumnfalse
* \@twosidefalse
* \@mparswitchfalse
* \@reversemarginfalse
* (1in=72.27pt=25.4mm, 1cm=28.453pt)

\AtBeginShipoutBox=\box58
Package hyperref Info: Link coloring ON on input line 165.
(/usr/share/texlive/texmf-dist/tex/latex/hyperref/nameref.sty
Package: nameref 2016/05/21 v2.44 Cross-referencing by name of section

(/usr/share/texlive/texmf-dist/tex/generic/oberdiek/gettitlestring.sty
Package: gettitlestring 2016/05/16 v1.5 Cleanup title references (HO)
)
\c@section@level=\count136
)
LaTeX Info: Redefining \ref on input line 165.
LaTeX Info: Redefining \pageref on input line 165.
LaTeX Info: Redefining \nameref on input line 165.

(./manual.out) (./manual.out)
\@outlinefile=\write4
\openout4 = `manual.out'.

Package caption Info: Begin \AtBeginDocument code.
Package caption Info: End \AtBeginDocument code.
LaTeX Info: Redefining \microtypecontext on input line 165.
Package microtype Info: Generating PDF output.
Package microtype Info: Character protrusion enabled (level 2).
Package microtype Info: Using default protrusion set `alltext'.
Package microtype Info: Automatic font expansion enabled (level 2),
(microtype)             stretch: 20, shrink: 20, step: 1, non-selected.
Package microtype Info: Using default expansion set `basictext'.
Package microtype Info: No adjustment of tracking.
Package microtype Info: No adjustment of interword spacing.
Package microtype Info: No adjustment of character kerning.

(/usr/share/texlive/texmf-dist/tex/latex/microtype/mt-cmr.cfg
File: mt-cmr.cfg 2013/05/19 v2.2 microtype config. file: Computer Modern Roman 
(RS)
)
<figures/ipi-logo.pdf, id=498, 137.99586pt x 92.47147pt>
File: figures/ipi-logo.pdf Graphic file (type pdf)
<use figures/ipi-logo.pdf>
Package pdftex.def Info: figures/ipi-logo.pdf  used on input line 186.
(pdftex.def)             Requested size: 247.54149pt x 165.89113pt.
 [1

{/var/lib/texmf/fonts/map/pdftex/updmap/pdftex.map} <./figures/ipi-logo.pdf>]
LaTeX Font Info:    Try loading font information for OT1+lmr on input line 201.


(/usr/share/texmf/tex/latex/lm/ot1lmr.fd
File: ot1lmr.fd 2009/10/30 v1.6 Font defs for Latin Modern
)
LaTeX Font Info:    Try loading font information for OML+lmm on input line 201.


(/usr/share/texmf/tex/latex/lm/omllmm.fd
File: omllmm.fd 2009/10/30 v1.6 Font defs for Latin Modern
)
LaTeX Font Info:    Try loading font information for OMS+lmsy on input line 201
.

(/usr/share/texmf/tex/latex/lm/omslmsy.fd
File: omslmsy.fd 2009/10/30 v1.6 Font defs for Latin Modern
)
LaTeX Font Info:    Try loading font information for OMX+lmex on input line 201
.

(/usr/share/texmf/tex/latex/lm/omxlmex.fd
File: omxlmex.fd 2009/10/30 v1.6 Font defs for Latin Modern
)
LaTeX Font Info:    External font `lmex10' loaded for size
(Font)              <20.74> on input line 201.
LaTeX Font Info:    External font `lmex10' loaded for size
(Font)              <14.4> on input line 201.
LaTeX Font Info:    External font `lmex10' loaded for size
(Font)              <10> on input line 201.
LaTeX Font Info:    Font shape `U/futm/m/n' will be
(Font)              scaled to size 19.08076pt on input line 201.
LaTeX Font Info:    Font shape `U/futm/m/n' will be
(Font)              scaled to size 13.24796pt on input line 201.
LaTeX Font Info:    Font shape `U/futm/m/n' will be
(Font)              scaled to size 9.19998pt on input line 201.
LaTeX Font Info:    Try loading font information for U+msa on input line 201.

(/usr/share/texlive/texmf-dist/tex/latex/amsfonts/umsa.fd
File: umsa.fd 2013/01/14 v3.01 AMS symbols A
)
(/usr/share/texlive/texmf-dist/tex/latex/microtype/mt-msa.cfg
File: mt-msa.cfg 2006/02/04 v1.1 microtype config. file: AMS symbols (a) (RS)
)
LaTeX Font Info:    Try loading font information for U+msb on input line 201.

(/usr/share/texlive/texmf-dist/tex/latex/amsfonts/umsb.fd
File: umsb.fd 2013/01/14 v3.01 AMS symbols B
)
(/usr/share/texlive/texmf-dist/tex/latex/microtype/mt-msb.cfg
File: mt-msb.cfg 2005/06/01 v1.0 microtype config. file: AMS symbols (b) (RS)
) (./manual.toc
LaTeX Font Info:    External font `lmex10' loaded for size
(Font)              <10.95> on input line 3.
LaTeX Font Info:    External font `lmex10' loaded for size
(Font)              <8.3> on input line 3.
LaTeX Font Info:    External font `lmex10' loaded for size
(Font)              <6> on input line 3.
LaTeX Font Info:    Font shape `U/futm/m/n' will be
(Font)              scaled to size 10.07397pt on input line 3.
LaTeX Font Info:    Font shape `U/futm/m/n' will be
(Font)              scaled to size 7.63599pt on input line 3.
LaTeX Font Info:    Font shape `U/futm/m/n' will be
(Font)              scaled to size 5.51999pt on input line 3.

[1

] [2])
\tf@toc=\write5
\openout5 = `manual.toc'.

 [3]
Chapter 1.
<figures/ipi-scheme.pdf, id=648, 282.68605pt x 117.66042pt>
File: figures/ipi-scheme.pdf Graphic file (type pdf)
<use figures/ipi-scheme.pdf>
Package pdftex.def Info: figures/ipi-scheme.pdf  used on input line 223.
(pdftex.def)             Requested size: 371.30595pt x 154.56177pt.
LaTeX Font Info:    Try loading font information for TS1+lmr on input line 243.

(/usr/share/texmf/tex/latex/lm/ts1lmr.fd
File: ts1lmr.fd 2009/10/30 v1.6 Font defs for Latin Modern
)pdfTeX warning (ext4): destination with the same identifier (name{page.1}) has
 been already used, duplicate ignored
<to be read again> 
                   \relax 
l.245 \item I
             n chapter \ref{getstarted} we will discuss how to install [1

 <./figures/ipi-scheme.pdf>] [2]
<figures/ipi-depend.pdf, id=689, 283.9075pt x 99.21732pt>
File: figures/ipi-depend.pdf Graphic file (type pdf)
<use figures/ipi-depend.pdf>
Package pdftex.def Info: figures/ipi-depend.pdf  used on input line 328.
(pdftex.def)             Requested size: 371.30595pt x 129.76064pt.
<figures/ipi-forces.pdf, id=690, 276.26366pt x 234.02736pt>
File: figures/ipi-forces.pdf Graphic file (type pdf)
<use figures/ipi-forces.pdf>
Package pdftex.def Info: figures/ipi-forces.pdf  used on input line 360.
(pdftex.def)             Requested size: 371.30595pt x 314.55203pt.
 [3 <./figures/ipi-depend.pdf>] [4 <./figures/ipi-forces.pdf>]
LaTeX Font Info:    Try loading font information for T1+lmtt on input line 474.

 (/usr/share/texmf/tex/latex/lm/t1lmtt.fd
File: t1lmtt.fd 2009/10/30 v1.6 Font defs for Latin Modern
)
Package microtype Info: Loading generic protrusion settings for font family
(microtype)             `lmtt' (encoding: T1).
(microtype)             For optimal results, create family-specific settings.
(microtype)             See the microtype manual for details.
 [5] [6] [7] [8] [9]
Chapter 2.
[10

] [11] [12]
Overfull \hbox (4.37494pt too wide) in paragraph at lines 867--871
[]\T1/lmr/m/n/10.95 (-20) After this, con-tinue the com-pi-la-tion as per the i
n-struc-tions at [][]$\T1/lmtt/m/n/10.95 www . quantum-[]espresso .
 []

[13] [14] [15] [16]
<figures/ipi-running.pdf, id=884, 282.68611pt x 110.4125pt>
File: figures/ipi-running.pdf Graphic file (type pdf)
<use figures/ipi-running.pdf>
Package pdftex.def Info: figures/ipi-running.pdf  used on input line 1098.
(pdftex.def)             Requested size: 371.30595pt x 145.0407pt.
 [17 <./figures/ipi-running.pdf>] [18] [19]
Chapter 3.
[20

] [21] [22] [23] (./input_docs/property_list.tex [24] [25]
Missing character: There is no Ç in font lmsy10!
Missing character: There is no É in font lmsy10!
Missing character: There is no Ç in font lmsy10!
Missing character: There is no É in font lmsy10!
Missing character: There is no Ç in font lmsy10!
Missing character: There is no É in font lmsy10!
Missing character: There is no Ç in font lmsy10!
Missing character: There is no É in font lmsy10!
Missing character: There is no Ç in font lmsy10!
Missing character: There is no É in font lmsy10!
Missing character: There is no Ç in font lmsy10!
Missing character: There is no É in font lmsy10!
Missing character: There is no Ç in font lmsy10!
Missing character: There is no É in font lmsy10!
Missing character: There is no Ç in font lmsy10!
Missing character: There is no É in font lmsy10!
 [26]
Missing character: There is no Ç in font lmsy10!
Missing character: There is no É in font lmsy10!
Missing character: There is no Ç in font lmsy10!
Missing character: There is no É in font lmsy10!
Missing character: There is no Ç in font lmsy10!
Missing character: There is no É in font lmsy10!
Missing character: There is no Ç in font lmsy10!
Missing character: There is no É in font lmsy10!
Missing character: There is no Ç in font lmsy10!
Missing character: There is no É in font lmsy10!
Missing character: There is no Ç in font lmsy10!
Missing character: There is no É in font lmsy10!
Missing character: There is no Ç in font lmsy10!
Missing character: There is no É in font lmsy10!
Missing character: There is no Ç in font lmsy10!
Missing character: There is no É in font lmsy10!
Missing character: There is no Ç in font lmsy10!
Missing character: There is no É in font lmsy10!
Missing character: There is no Ç in font lmsy10!
Missing character: There is no É in font lmsy10!
Missing character: There is no Ç in font lmsy10!
Missing character: There is no É in font lmsy10!
Missing character: There is no Ç in font lmsy10!
Missing character: There is no É in font lmsy10!
Missing character: There is no Ç in font lmsy10!
Missing character: There is no É in font lmsy10!
 [27]
[28] [29]) [30] (./input_docs/trajectory_list.tex [31]) [32] [33]
Missing character: There is no Ç in font lmsy10!
Missing character: There is no Å in font lmsy10!
 [34] [35]
<figures/ipi-network.pdf, id=1025, 282.68611pt x 100.375pt>
File: figures/ipi-network.pdf Graphic file (type pdf)
<use figures/ipi-network.pdf>
Package pdftex.def Info: figures/ipi-network.pdf  used on input line 1845.
(pdftex.def)             Requested size: 371.30595pt x 131.85518pt.

[36 <./figures/ipi-network.pdf>] [37] [38]
Chapter 4.
(./input_docs/simulation.tex
Overfull \hbox (12.0pt too wide) in paragraph at lines 15--15
[] 
 []


Overfull \hbox (6.0pt too wide) in paragraph at lines 19--19
[][] 
 []


Overfull \hbox (6.0pt too wide) in paragraph at lines 24--24
[] 
 []


Overfull \hbox (6.0pt too wide) in paragraph at lines 29--29
[] 
 []

[39

]
Overfull \hbox (12.0pt too wide) in paragraph at lines 37--37
[] 
 []


Overfull \hbox (12.0pt too wide) in paragraph at lines 45--45
[] 
 []


Overfull \hbox (6.0pt too wide) in paragraph at lines 50--50
[] 
 []


Overfull \hbox (12.0pt too wide) in paragraph at lines 61--61
[] 
 []


Overfull \hbox (12.0pt too wide) in paragraph at lines 72--72
[] 
 []


Overfull \hbox (12.0pt too wide) in paragraph at lines 89--89
[] 
 []

[40]
Overfull \hbox (6.0pt too wide) in paragraph at lines 94--94
[] 
 []


Overfull \hbox (12.0pt too wide) in paragraph at lines 102--102
[] 
 []


Overfull \hbox (12.0pt too wide) in paragraph at lines 113--113
[] 
 []


Overfull \hbox (12.0pt too wide) in paragraph at lines 125--125
[] 
 []

) (./input_docs/forcefield.tex
Overfull \hbox (12.0pt too wide) in paragraph at lines 12--12
[] 
 []

[41]
Overfull \hbox (12.0pt too wide) in paragraph at lines 23--23
[][] 
 []


Overfull \hbox (6.0pt too wide) in paragraph at lines 28--28
[] 
 []


Overfull \hbox (6.0pt too wide) in paragraph at lines 33--33
[] 
 []

) (./input_docs/ffsocket.tex
Overfull \hbox (12.0pt too wide) in paragraph at lines 18--18
[] 
 []

[42]
Overfull \hbox (6.0pt too wide) in paragraph at lines 22--22
[][] 
 []


Overfull \hbox (6.0pt too wide) in paragraph at lines 27--27
[] 
 []


Overfull \hbox (6.0pt too wide) in paragraph at lines 32--32
[] 
 []


Overfull \hbox (6.0pt too wide) in paragraph at lines 37--37
[] 
 []


Overfull \hbox (12.0pt too wide) in paragraph at lines 49--49
[] 
 []


Overfull \hbox (6.0pt too wide) in paragraph at lines 54--54
[] 
 []

[43]
Overfull \hbox (6.0pt too wide) in paragraph at lines 59--59
[] 
 []

) (./input_docs/ffdebye.tex
Overfull \hbox (12.0pt too wide) in paragraph at lines 12--12
[] 
 []


Overfull \hbox (6.0pt too wide) in paragraph at lines 16--16
[][] 
 []


Overfull \hbox (12.0pt too wide) in paragraph at lines 30--30
[] 
 []


Overfull \hbox (6.0pt too wide) in paragraph at lines 35--35
[] 
 []


Overfull \hbox (12.0pt too wide) in paragraph at lines 43--43
[] 
 []


Overfull \hbox (12.0pt too wide) in paragraph at lines 55--55
[] 
 []

[44]
Overfull \hbox (12.0pt too wide) in paragraph at lines 66--66
[] 
 []

) (./input_docs/fflj.tex
Overfull \hbox (12.0pt too wide) in paragraph at lines 13--13
[] 
 []


Overfull \hbox (12.0pt too wide) in paragraph at lines 24--24
[][] 
 []

[45]
Overfull \hbox (6.0pt too wide) in paragraph at lines 29--29
[] 
 []


Overfull \hbox (6.0pt too wide) in paragraph at lines 34--34
[] 
 []

) (./input_docs/ffplumed.tex
Overfull \hbox (12.0pt too wide) in paragraph at lines 12--12
[] 
 []


Overfull \hbox (6.0pt too wide) in paragraph at lines 16--16
[][] 
 []


Overfull \hbox (6.0pt too wide) in paragraph at lines 21--21
[] 
 []


Overfull \hbox (6.0pt too wide) in paragraph at lines 26--26
[] 
 []


Overfull \hbox (12.0pt too wide) in paragraph at lines 38--38
[] 
 []

[46]
Overfull \hbox (6.0pt too wide) in paragraph at lines 43--43
[] 
 []


Overfull \hbox (12.0pt too wide) in paragraph at lines 57--57
[] 
 []


Overfull \hbox (6.0pt too wide) in paragraph at lines 62--62
[] 
 []

) (./input_docs/ffyaff.tex
Overfull \hbox (12.0pt too wide) in paragraph at lines 12--12
[] 
 []


Overfull \hbox (6.0pt too wide) in paragraph at lines 16--16
[][] 
 []


Overfull \hbox (6.0pt too wide) in paragraph at lines 21--21
[] 
 []

[47]
Overfull \hbox (6.0pt too wide) in paragraph at lines 26--26
[] 
 []


Overfull \hbox (12.0pt too wide) in paragraph at lines 38--38
[] 
 []


Overfull \hbox (6.0pt too wide) in paragraph at lines 43--43
[] 
 []


Overfull \hbox (6.0pt too wide) in paragraph at lines 48--48
[] 
 []


Overfull \hbox (6.0pt too wide) in paragraph at lines 53--53
[] 
 []


Overfull \hbox (6.0pt too wide) in paragraph at lines 58--58
[] 
 []


Overfull \hbox (6.0pt too wide) in paragraph at lines 63--63
[] 
 []


Overfull \hbox (6.0pt too wide) in paragraph at lines 68--68
[] 
 []


Overfull \hbox (6.0pt too wide) in paragraph at lines 73--73
[] 
 []


Overfull \hbox (6.0pt too wide) in paragraph at lines 78--78
[] 
 []

[48]) (./input_docs/system.tex
Overfull \hbox (12.0pt too wide) in paragraph at lines 9--9
[] 
 []


Overfull \hbox (12.0pt too wide) in paragraph at lines 23--23
[][] 
 []


Overfull \hbox (12.0pt too wide) in paragraph at lines 31--31
[] 
 []


Overfull \hbox (12.0pt too wide) in paragraph at lines 42--42
[] 
 []


Overfull \hbox (6.0pt too wide) in paragraph at lines 47--47
[] 
 []


Overfull \hbox (12.0pt too wide) in paragraph at lines 55--55
[] 
 []

[49]
Overfull \hbox (12.0pt too wide) in paragraph at lines 63--63
[] 
 []


Overfull \hbox (6.0pt too wide) in paragraph at lines 68--68
[] 
 []

) (./input_docs/smotion.tex
Overfull \hbox (12.0pt too wide) in paragraph at lines 9--9
[] 
 []


Overfull \hbox (6.0pt too wide) in paragraph at lines 13--13
[][] 
 []


Overfull \hbox (6.0pt too wide) in paragraph at lines 18--18
[] 
 []

) (./input_docs/remd.tex
Overfull \hbox (6.0pt too wide) in paragraph at lines 6--6
[] 
 []


Overfull \hbox (6.0pt too wide) in paragraph at lines 10--10
[][] 
 []


Overfull \hbox (6.0pt too wide) in paragraph at lines 15--15
[] 
 []


Overfull \hbox (12.0pt too wide) in paragraph at lines 26--26
[] 
 []

[50]
Overfull \hbox (6.0pt too wide) in paragraph at lines 31--31
[] 
 []

) (./input_docs/meta.tex
Overfull \hbox (6.0pt too wide) in paragraph at lines 6--6
[] 
 []


Overfull \hbox (6.0pt too wide) in paragraph at lines 10--10
[][] 
 []

) (./input_docs/motion.tex
Overfull \hbox (12.0pt too wide) in paragraph at lines 9--9
[] 
 []


Overfull \hbox (12.0pt too wide) in paragraph at lines 16--16
[][] 
 []


Overfull \hbox (12.0pt too wide) in paragraph at lines 27--27
[] 
 []

[51]
Overfull \hbox (12.0pt too wide) in paragraph at lines 35--35
[] 
 []


Overfull \hbox (12.0pt too wide) in paragraph at lines 43--43
[] 
 []


Overfull \hbox (12.0pt too wide) in paragraph at lines 51--51
[] 
 []


Overfull \hbox (12.0pt too wide) in paragraph at lines 65--65
[] 
 []


Overfull \hbox (12.0pt too wide) in paragraph at lines 73--73
[] 
 []


Overfull \hbox (12.0pt too wide) in paragraph at lines 84--84
[] 
 []

[52]
Overfull \hbox (6.0pt too wide) in paragraph at lines 89--89
[] 
 []


Overfull \hbox (12.0pt too wide) in paragraph at lines 97--97
[] 
 []

) (./input_docs/dynamics.tex
Overfull \hbox (12.0pt too wide) in paragraph at lines 12--12
[] 
 []


Overfull \hbox (12.0pt too wide) in paragraph at lines 19--19
[][] 
 []


Overfull \hbox (12.0pt too wide) in paragraph at lines 30--30
[] 
 []


Overfull \hbox (12.0pt too wide) in paragraph at lines 38--38
[] 
 []

[53]
Overfull \hbox (12.0pt too wide) in paragraph at lines 49--49
[] 
 []

) (./input_docs/alchemy.tex
Overfull \hbox (12.0pt too wide) in paragraph at lines 9--9
[] 
 []


Overfull \hbox (12.0pt too wide) in paragraph at lines 19--19
[][] 
 []

[54]
Overfull \hbox (6.0pt too wide) in paragraph at lines 24--24
[] 
 []


Overfull \hbox (6.0pt too wide) in paragraph at lines 29--29
[] 
 []

) (./input_docs/instanton.tex
Overfull \hbox (12.0pt too wide) in paragraph at lines 9--9
[] 
 []


Overfull \hbox (6.0pt too wide) in paragraph at lines 13--13
[][] 
 []


Overfull \hbox (6.0pt too wide) in paragraph at lines 18--18
[] 
 []


Overfull \hbox (6.0pt too wide) in paragraph at lines 36--36
[] 
 []

[55]
Overfull \hbox (6.0pt too wide) in paragraph at lines 41--41
[] 
 []


Overfull \hbox (12.0pt too wide) in paragraph at lines 49--49
[] 
 []


Overfull \hbox (6.0pt too wide) in paragraph at lines 54--54
[] 
 []


Overfull \hbox (12.0pt too wide) in paragraph at lines 68--68
[] 
 []


Overfull \hbox (12.0pt too wide) in paragraph at lines 82--82
[] 
 []

[56]
Overfull \hbox (12.0pt too wide) in paragraph at lines 93--93
[] 
 []


Overfull \hbox (6.0pt too wide) in paragraph at lines 98--98
[] 
 []


Overfull \hbox (6.0pt too wide) in paragraph at lines 103--103
[] 
 []


Overfull \hbox (6.0pt too wide) in paragraph at lines 111--111
[] 
 []


Overfull \hbox (12.0pt too wide) in paragraph at lines 122--122
[] 
 []

[57]
Overfull \hbox (12.0pt too wide) in paragraph at lines 133--133
[] 
 []


Overfull \hbox (12.0pt too wide) in paragraph at lines 147--147
[] 
 []


Overfull \hbox (6.0pt too wide) in paragraph at lines 152--152
[] 
 []


Overfull \hbox (6.0pt too wide) in paragraph at lines 157--157
[] 
 []

[58]
Overfull \hbox (6.0pt too wide) in paragraph at lines 162--162
[] 
 []


Overfull \hbox (6.0pt too wide) in paragraph at lines 172--172
[] 
 []


Overfull \hbox (12.0pt too wide) in paragraph at lines 183--183
[] 
 []


Overfull \hbox (6.0pt too wide) in paragraph at lines 188--188
[] 
 []

) (./input_docs/phonons.tex
Overfull \hbox (12.0pt too wide) in paragraph at lines 9--9
[] 
 []


Overfull \hbox (6.0pt too wide) in paragraph at lines 13--13
[][] 
 []


Overfull \hbox (6.0pt too wide) in paragraph at lines 18--18
[] 
 []


Overfull \hbox (12.0pt too wide) in paragraph at lines 29--29
[] 
 []

[59]
Overfull \hbox (6.0pt too wide) in paragraph at lines 34--34
[] 
 []


Overfull \hbox (6.0pt too wide) in paragraph at lines 39--39
[] 
 []


Overfull \hbox (12.0pt too wide) in paragraph at lines 50--50
[] 
 []


Overfull \hbox (6.0pt too wide) in paragraph at lines 55--55
[] 
 []

) (./input_docs/geop.tex
Overfull \hbox (12.0pt too wide) in paragraph at lines 9--9
[] 
 []


Overfull \hbox (6.0pt too wide) in paragraph at lines 13--13
[][] 
 []

[60]
Overfull \hbox (6.0pt too wide) in paragraph at lines 21--21
[] 
 []


Overfull \hbox (6.0pt too wide) in paragraph at lines 26--26
[] 
 []


Overfull \hbox (6.0pt too wide) in paragraph at lines 31--31
[] 
 []


Overfull \hbox (12.0pt too wide) in paragraph at lines 42--42
[] 
 []


Overfull \hbox (12.0pt too wide) in paragraph at lines 53--53
[] 
 []


Overfull \hbox (12.0pt too wide) in paragraph at lines 67--67
[] 
 []

[61]
Overfull \hbox (12.0pt too wide) in paragraph at lines 78--78
[] 
 []


Overfull \hbox (12.0pt too wide) in paragraph at lines 92--92
[] 
 []


Overfull \hbox (12.0pt too wide) in paragraph at lines 103--103
[] 
 []

[62]
Overfull \hbox (6.0pt too wide) in paragraph at lines 113--113
[] 
 []


Overfull \hbox (12.0pt too wide) in paragraph at lines 127--127
[] 
 []


Overfull \hbox (12.0pt too wide) in paragraph at lines 141--141
[] 
 []

[63]
Overfull \hbox (12.0pt too wide) in paragraph at lines 152--152
[] 
 []

) (./input_docs/neb.tex
Overfull \hbox (12.0pt too wide) in paragraph at lines 9--9
[] 
 []


Overfull \hbox (6.0pt too wide) in paragraph at lines 13--13
[][] 
 []


Overfull \hbox (6.0pt too wide) in paragraph at lines 21--21
[] 
 []


Overfull \hbox (6.0pt too wide) in paragraph at lines 26--26
[] 
 []


Overfull \hbox (6.0pt too wide) in paragraph at lines 31--31
[] 
 []

[64]
Overfull \hbox (12.0pt too wide) in paragraph at lines 42--42
[] 
 []


Overfull \hbox (6.0pt too wide) in paragraph at lines 47--47
[] 
 []


Overfull \hbox (12.0pt too wide) in paragraph at lines 58--58
[] 
 []


Overfull \hbox (12.0pt too wide) in paragraph at lines 72--72
[] 
 []

[65]
Overfull \hbox (12.0pt too wide) in paragraph at lines 83--83
[] 
 []


Overfull \hbox (12.0pt too wide) in paragraph at lines 94--94
[] 
 []


Overfull \hbox (6.0pt too wide) in paragraph at lines 99--99
[] 
 []


Overfull \hbox (6.0pt too wide) in paragraph at lines 104--104
[] 
 []

[66]
Overfull \hbox (6.0pt too wide) in paragraph at lines 116--116
[] 
 []

) (./input_docs/initializer.tex
Overfull \hbox (12.0pt too wide) in paragraph at lines 9--9
[] 
 []


Overfull \hbox (12.0pt too wide) in paragraph at lines 16--16
[][] 
 []


Overfull \hbox (12.0pt too wide) in paragraph at lines 30--30
[] 
 []


Overfull \hbox (12.0pt too wide) in paragraph at lines 44--44
[] 
 []

[67]
Overfull \hbox (12.0pt too wide) in paragraph at lines 58--58
[] 
 []


Overfull \hbox (12.0pt too wide) in paragraph at lines 72--72
[] 
 []


Overfull \hbox (12.0pt too wide) in paragraph at lines 86--86
[] 
 []

[68]
Overfull \hbox (12.0pt too wide) in paragraph at lines 100--100
[] 
 []


Overfull \hbox (12.0pt too wide) in paragraph at lines 108--108
[] 
 []

) (./input_docs/init_file.tex
Overfull \hbox (12.0pt too wide) in paragraph at lines 15--15
[] 
 []

[69]) (./input_docs/init_pos.tex
Overfull \hbox (12.0pt too wide) in paragraph at lines 15--15
[] 
 []

) (./input_docs/init_mom.tex
Overfull \hbox (12.0pt too wide) in paragraph at lines 15--15
[] 
 []

) (./input_docs/init_vel.tex
Overfull \hbox (12.0pt too wide) in paragraph at lines 15--15
[] 
 []

[70]) (./input_docs/init_lab.tex
Overfull \hbox (12.0pt too wide) in paragraph at lines 15--15
[] 
 []

) (./input_docs/init_mass.tex
Overfull \hbox (12.0pt too wide) in paragraph at lines 15--15
[] 
 []

[71]) (./input_docs/init_cell.tex
Overfull \hbox (12.0pt too wide) in paragraph at lines 9--9
[] 
 []

) (./input_docs/init_therm.tex
Overfull \hbox (12.0pt too wide) in paragraph at lines 9--9
[] 
 []

) (./input_docs/ensembles.tex
Overfull \hbox (6.0pt too wide) in paragraph at lines 6--6
[] 
 []


Overfull \hbox (12.0pt too wide) in paragraph at lines 13--13
[][] 
 []


Overfull \hbox (12.0pt too wide) in paragraph at lines 28--28
[] 
 []

[72]
Overfull \hbox (6.0pt too wide) in paragraph at lines 33--33
[] 
 []


Overfull \hbox (12.0pt too wide) in paragraph at lines 41--41
[] 
 []


Overfull \hbox (12.0pt too wide) in paragraph at lines 49--49
[] 
 []


Overfull \hbox (12.0pt too wide) in paragraph at lines 60--60
[] 
 []


Overfull \hbox (12.0pt too wide) in paragraph at lines 71--71
[] 
 []

[73]) (./input_docs/forces.tex
Overfull \hbox (6.0pt too wide) in paragraph at lines 6--6
[] 
 []


Overfull \hbox (12.0pt too wide) in paragraph at lines 25--25
[][] 
 []

) (./input_docs/forcecomponent.tex
Overfull \hbox (12.0pt too wide) in paragraph at lines 21--21
[] 
 []

[74]
Overfull \hbox (12.0pt too wide) in paragraph at lines 35--35
[][] 
 []

) (./input_docs/cell.tex
Overfull \hbox (12.0pt too wide) in paragraph at lines 15--15
[] 
 []

[75]) (./input_docs/beads.tex
Overfull \hbox (12.0pt too wide) in paragraph at lines 12--12
[] 
 []


Overfull \hbox (12.0pt too wide) in paragraph at lines 25--25
[][] 
 []


Overfull \hbox (12.0pt too wide) in paragraph at lines 39--39
[] 
 []

[76]
Overfull \hbox (12.0pt too wide) in paragraph at lines 53--53
[] 
 []


Overfull \hbox (12.0pt too wide) in paragraph at lines 64--64
[] 
 []

) (./input_docs/atoms.tex
Overfull \hbox (6.0pt too wide) in paragraph at lines 6--6
[] 
 []

[77]
Overfull \hbox (12.0pt too wide) in paragraph at lines 19--19
[][] 
 []


Overfull \hbox (12.0pt too wide) in paragraph at lines 33--33
[] 
 []


Overfull \hbox (6.0pt too wide) in paragraph at lines 38--38
[] 
 []


Overfull \hbox (12.0pt too wide) in paragraph at lines 52--52
[] 
 []

[78]
Overfull \hbox (12.0pt too wide) in paragraph at lines 63--63
[] 
 []

) (./input_docs/normalmodes.tex
Overfull \hbox (12.0pt too wide) in paragraph at lines 9--9
[] 
 []


Overfull \hbox (12.0pt too wide) in paragraph at lines 31--31
[][] 
 []

[79]
Overfull \hbox (12.0pt too wide) in paragraph at lines 42--42
[] 
 []

) (./input_docs/nmfrequencies.tex
Overfull \hbox (12.0pt too wide) in paragraph at lines 24--24
[] 
 []

[80]) (./input_docs/barostats.tex
Overfull \hbox (12.0pt too wide) in paragraph at lines 12--12
[] 
 []


Overfull \hbox (12.0pt too wide) in paragraph at lines 19--19
[][] 
 []


Overfull \hbox (12.0pt too wide) in paragraph at lines 34--34
[] 
 []

[81]
Overfull \hbox (12.0pt too wide) in paragraph at lines 42--42
[] 
 []


Overfull \hbox (12.0pt too wide) in paragraph at lines 56--56
[] 
 []

[82]) (./input_docs/thermostats.tex
Overfull \hbox (12.0pt too wide) in paragraph at lines 9--9
[] 
 []


Overfull \hbox (12.0pt too wide) in paragraph at lines 22--22
[][] 
 []

[83]
Overfull \hbox (12.0pt too wide) in paragraph at lines 30--30
[] 
 []


Overfull \hbox (12.0pt too wide) in paragraph at lines 44--44
[] 
 []


Overfull \hbox (12.0pt too wide) in paragraph at lines 52--52
[] 
 []


Overfull \hbox (6.0pt too wide) in paragraph at lines 57--57
[] 
 []


Overfull \hbox (12.0pt too wide) in paragraph at lines 65--65
[] 
 []

[84]
Overfull \hbox (12.0pt too wide) in paragraph at lines 79--79
[] 
 []


Overfull \hbox (12.0pt too wide) in paragraph at lines 87--87
[] 
 []


Overfull \hbox (12.0pt too wide) in paragraph at lines 95--95
[] 
 []


Overfull \hbox (12.0pt too wide) in paragraph at lines 103--103
[] 
 []

[85]) (./input_docs/prng.tex
Overfull \hbox (6.0pt too wide) in paragraph at lines 6--6
[] 
 []


Overfull \hbox (6.0pt too wide) in paragraph at lines 10--10
[][] 
 []


Overfull \hbox (12.0pt too wide) in paragraph at lines 21--21
[] 
 []


Overfull \hbox (6.0pt too wide) in paragraph at lines 26--26
[] 
 []


Overfull \hbox (6.0pt too wide) in paragraph at lines 31--31
[] 
 []

[86]
Overfull \hbox (6.0pt too wide) in paragraph at lines 36--36
[] 
 []

) (./input_docs/output.tex
Overfull \hbox (12.0pt too wide) in paragraph at lines 9--9
[] 
 []


Overfull \hbox (12.0pt too wide) in paragraph at lines 22--22
[][] 
 []


Overfull \hbox (12.0pt too wide) in paragraph at lines 45--45
[] 
 []

[87]
Overfull \hbox (12.0pt too wide) in paragraph at lines 65--65
[] 
 []

) (./input_docs/checkpoint.tex
Overfull \hbox (12.0pt too wide) in paragraph at lines 15--15
[] 
 []

[88]) (./input_docs/properties.tex
Overfull \hbox (12.0pt too wide) in paragraph at lines 21--21
[] 
 []

) (./input_docs/trajectory.tex
Overfull \hbox (12.0pt too wide) in paragraph at lines 24--24
[] 
 []

[89]) [90]
Chapter 5.
[91

] [92] [93] [94] [95] [96] [97] [98] [99] [100] [101]
Missing character: There is no Å in font lmsy10!
Missing character: There is no Å in font lmsy10!
Missing character: There is no Å in font lmsy10!
 [102] [103] [104]
[105]
Chapter 6.
[106

] [107] [108] [109] (./manual.bbl [110] [111

] [112])
Package atveryend Info: Empty hook `BeforeClearDocument' on input line 3316.
 [113]
Package atveryend Info: Empty hook `AfterLastShipout' on input line 3316.
 (./manual.aux)
Package atveryend Info: Executing hook `AtVeryEndDocument' on input line 3316.
Package atveryend Info: Executing hook `AtEndAfterFileList' on input line 3316.

Package rerunfilecheck Info: File `manual.out' has not changed.
(rerunfilecheck)             Checksum: 92F3DA6B9E5F54C8DA75DB2ABFDD11B1;17203.
Package atveryend Info: Empty hook `AtVeryVeryEnd' on input line 3316.
 ) 
Here is how much of TeX's memory you used:
 15812 strings out of 494805
 232254 string characters out of 6178001
 339649 words of memory out of 5000000
 18285 multiletter control sequences out of 15000+600000
 97748 words of font info for 173 fonts, out of 8000000 for 9000
 81 hyphenation exceptions out of 8191
 46i,12n,50p,1581b,516s stack positions out of 5000i,500n,10000p,200000b,80000s
{/usr/share/texmf/fonts/enc/dvips/lm/lm-ec.enc}{/usr/share/texmf/fonts/enc/dv
ips/lm/lm-rm.enc}{/usr/share/texmf/fonts/enc/dvips/lm/lm-mathsy.enc}{/usr/share
/texmf/fonts/enc/dvips/lm/lm-mathit.enc}{/usr/share/texmf/fonts/enc/dvips/lm/lm
-ts1.enc}</usr/share/texmf/fonts/type1/public/lm/lmbx10.pfb></usr/share/texmf/f
onts/type1/public/lm/lmbx12.pfb></usr/share/texmf/fonts/type1/public/lm/lmbxi10
.pfb></usr/share/texmf/fonts/type1/public/lm/lmmi10.pfb></usr/share/texmf/fonts
/type1/public/lm/lmr10.pfb></usr/share/texmf/fonts/type1/public/lm/lmr12.pfb></
usr/share/texmf/fonts/type1/public/lm/lmr8.pfb></usr/share/texmf/fonts/type1/pu
blic/lm/lmri10.pfb></usr/share/texmf/fonts/type1/public/lm/lmsy8.pfb></usr/shar
e/texmf/fonts/type1/public/lm/lmtt10.pfb></usr/share/texmf/fonts/type1/public/l
m/lmtt9.pfb>
Output written on manual.pdf (117 pages, 796150 bytes).
PDF statistics:
 1592 PDF objects out of 1728 (max. 8388607)
 1436 compressed objects within 15 object streams
 297 named destinations out of 1000 (max. 500000)
 26103 words of extra memory for PDF output out of 29859 (max. 10000000)

